28-Oct-2021 16:10:56.489 INFO [main] org.apache.catalina.startup.VersionLoggerListener.log Server version name:   Apache Tomcat/9.0.54
28-Oct-2021 16:10:56.491 INFO [main] org.apache.catalina.startup.VersionLoggerListener.log Server built:          Sep 28 2021 13:51:49 UTC
28-Oct-2021 16:10:56.491 INFO [main] org.apache.catalina.startup.VersionLoggerListener.log Server version number: 9.0.54.0
28-Oct-2021 16:10:56.491 INFO [main] org.apache.catalina.startup.VersionLoggerListener.log OS Name:               Linux
28-Oct-2021 16:10:56.491 INFO [main] org.apache.catalina.startup.VersionLoggerListener.log OS Version:            5.11.0-37-generic
28-Oct-2021 16:10:56.491 INFO [main] org.apache.catalina.startup.VersionLoggerListener.log Architecture:          amd64
28-Oct-2021 16:10:56.491 INFO [main] org.apache.catalina.startup.VersionLoggerListener.log Java Home:             /usr/lib/jvm/java-11-openjdk-amd64
28-Oct-2021 16:10:56.491 INFO [main] org.apache.catalina.startup.VersionLoggerListener.log JVM Version:           11.0.11+9-Ubuntu-0ubuntu2.20.04
28-Oct-2021 16:10:56.491 INFO [main] org.apache.catalina.startup.VersionLoggerListener.log JVM Vendor:            Ubuntu
28-Oct-2021 16:10:56.491 INFO [main] org.apache.catalina.startup.VersionLoggerListener.log CATALINA_BASE:         /home/renatodias/Desktop/IES/IES_98380/lab2/lab2_1/apache-tomcat-9.0.54
28-Oct-2021 16:10:56.491 INFO [main] org.apache.catalina.startup.VersionLoggerListener.log CATALINA_HOME:         /home/renatodias/Desktop/IES/IES_98380/lab2/lab2_1/apache-tomcat-9.0.54
28-Oct-2021 16:10:56.503 INFO [main] org.apache.catalina.startup.VersionLoggerListener.log Command line argument: --add-opens=java.base/java.lang=ALL-UNNAMED
28-Oct-2021 16:10:56.504 INFO [main] org.apache.catalina.startup.VersionLoggerListener.log Command line argument: --add-opens=java.base/java.io=ALL-UNNAMED
28-Oct-2021 16:10:56.504 INFO [main] org.apache.catalina.startup.VersionLoggerListener.log Command line argument: --add-opens=java.base/java.util=ALL-UNNAMED
28-Oct-2021 16:10:56.504 INFO [main] org.apache.catalina.startup.VersionLoggerListener.log Command line argument: --add-opens=java.base/java.util.concurrent=ALL-UNNAMED
28-Oct-2021 16:10:56.504 INFO [main] org.apache.catalina.startup.VersionLoggerListener.log Command line argument: --add-opens=java.rmi/sun.rmi.transport=ALL-UNNAMED
28-Oct-2021 16:10:56.504 INFO [main] org.apache.catalina.startup.VersionLoggerListener.log Command line argument: -Djava.util.logging.config.file=/home/renatodias/Desktop/IES/IES_98380/lab2/lab2_1/apache-tomcat-9.0.54/conf/logging.properties
28-Oct-2021 16:10:56.504 INFO [main] org.apache.catalina.startup.VersionLoggerListener.log Command line argument: -Djava.util.logging.manager=org.apache.juli.ClassLoaderLogManager
28-Oct-2021 16:10:56.504 INFO [main] org.apache.catalina.startup.VersionLoggerListener.log Command line argument: -Djdk.tls.ephemeralDHKeySize=2048
28-Oct-2021 16:10:56.505 INFO [main] org.apache.catalina.startup.VersionLoggerListener.log Command line argument: -Djava.protocol.handler.pkgs=org.apache.catalina.webresources
28-Oct-2021 16:10:56.505 INFO [main] org.apache.catalina.startup.VersionLoggerListener.log Command line argument: -Dorg.apache.catalina.security.SecurityListener.UMASK=0027
28-Oct-2021 16:10:56.505 INFO [main] org.apache.catalina.startup.VersionLoggerListener.log Command line argument: -Dignore.endorsed.dirs=
28-Oct-2021 16:10:56.505 INFO [main] org.apache.catalina.startup.VersionLoggerListener.log Command line argument: -Dcatalina.base=/home/renatodias/Desktop/IES/IES_98380/lab2/lab2_1/apache-tomcat-9.0.54
28-Oct-2021 16:10:56.505 INFO [main] org.apache.catalina.startup.VersionLoggerListener.log Command line argument: -Dcatalina.home=/home/renatodias/Desktop/IES/IES_98380/lab2/lab2_1/apache-tomcat-9.0.54
28-Oct-2021 16:10:56.505 INFO [main] org.apache.catalina.startup.VersionLoggerListener.log Command line argument: -Djava.io.tmpdir=/home/renatodias/Desktop/IES/IES_98380/lab2/lab2_1/apache-tomcat-9.0.54/temp
28-Oct-2021 16:10:56.506 INFO [main] org.apache.catalina.core.AprLifecycleListener.lifecycleEvent The Apache Tomcat Native library which allows using OpenSSL was not found on the java.library.path: [/usr/java/packages/lib:/usr/lib/x86_64-linux-gnu/jni:/lib/x86_64-linux-gnu:/usr/lib/x86_64-linux-gnu:/usr/lib/jni:/lib:/usr/lib]
28-Oct-2021 16:10:56.761 INFO [main] org.apache.coyote.AbstractProtocol.init Initializing ProtocolHandler ["http-nio-8080"]
28-Oct-2021 16:10:56.781 INFO [main] org.apache.catalina.startup.Catalina.load Server initialization in [446] milliseconds
28-Oct-2021 16:10:56.831 INFO [main] org.apache.catalina.core.StandardService.startInternal Starting service [Catalina]
28-Oct-2021 16:10:56.831 INFO [main] org.apache.catalina.core.StandardEngine.startInternal Starting Servlet engine: [Apache Tomcat/9.0.54]
28-Oct-2021 16:10:56.868 INFO [main] org.apache.catalina.startup.HostConfig.deployWAR Deploying web application archive [/home/renatodias/Desktop/IES/IES_98380/lab2/lab2_1/apache-tomcat-9.0.54/webapps/webapp-javaee7-1.0-SNAPSHOT.war]
28-Oct-2021 16:10:57.088 INFO [main] org.apache.catalina.startup.HostConfig.deployWAR Deployment of web application archive [/home/renatodias/Desktop/IES/IES_98380/lab2/lab2_1/apache-tomcat-9.0.54/webapps/webapp-javaee7-1.0-SNAPSHOT.war] has finished in [220] ms
28-Oct-2021 16:10:57.089 INFO [main] org.apache.catalina.startup.HostConfig.deployDirectory Deploying web application directory [/home/renatodias/Desktop/IES/IES_98380/lab2/lab2_1/apache-tomcat-9.0.54/webapps/docs]
28-Oct-2021 16:10:57.107 INFO [main] org.apache.catalina.startup.HostConfig.deployDirectory Deployment of web application directory [/home/renatodias/Desktop/IES/IES_98380/lab2/lab2_1/apache-tomcat-9.0.54/webapps/docs] has finished in [18] ms
28-Oct-2021 16:10:57.107 INFO [main] org.apache.catalina.startup.HostConfig.deployDirectory Deploying web application directory [/home/renatodias/Desktop/IES/IES_98380/lab2/lab2_1/apache-tomcat-9.0.54/webapps/ROOT]
28-Oct-2021 16:10:57.125 INFO [main] org.apache.catalina.startup.HostConfig.deployDirectory Deployment of web application directory [/home/renatodias/Desktop/IES/IES_98380/lab2/lab2_1/apache-tomcat-9.0.54/webapps/ROOT] has finished in [18] ms
28-Oct-2021 16:10:57.125 INFO [main] org.apache.catalina.startup.HostConfig.deployDirectory Deploying web application directory [/home/renatodias/Desktop/IES/IES_98380/lab2/lab2_1/apache-tomcat-9.0.54/webapps/examples]
28-Oct-2021 16:10:57.306 INFO [main] org.apache.catalina.startup.HostConfig.deployDirectory Deployment of web application directory [/home/renatodias/Desktop/IES/IES_98380/lab2/lab2_1/apache-tomcat-9.0.54/webapps/examples] has finished in [181] ms
28-Oct-2021 16:10:57.306 INFO [main] org.apache.catalina.startup.HostConfig.deployDirectory Deploying web application directory [/home/renatodias/Desktop/IES/IES_98380/lab2/lab2_1/apache-tomcat-9.0.54/webapps/manager]
28-Oct-2021 16:10:57.333 INFO [main] org.apache.catalina.startup.HostConfig.deployDirectory Deployment of web application directory [/home/renatodias/Desktop/IES/IES_98380/lab2/lab2_1/apache-tomcat-9.0.54/webapps/manager] has finished in [27] ms
28-Oct-2021 16:10:57.333 INFO [main] org.apache.catalina.startup.HostConfig.deployDirectory Deploying web application directory [/home/renatodias/Desktop/IES/IES_98380/lab2/lab2_1/apache-tomcat-9.0.54/webapps/host-manager]
28-Oct-2021 16:10:57.355 INFO [main] org.apache.catalina.startup.HostConfig.deployDirectory Deployment of web application directory [/home/renatodias/Desktop/IES/IES_98380/lab2/lab2_1/apache-tomcat-9.0.54/webapps/host-manager] has finished in [22] ms
28-Oct-2021 16:10:57.361 INFO [main] org.apache.coyote.AbstractProtocol.start Starting ProtocolHandler ["http-nio-8080"]
28-Oct-2021 16:10:57.367 INFO [main] org.apache.catalina.startup.Catalina.start Server startup in [585] milliseconds
28-Oct-2021 16:23:23.433 INFO [http-nio-8080-exec-3] org.apache.catalina.startup.HostConfig.undeploy Undeploying context [/webapp-javaee7-1.0-SNAPSHOT]
28-Oct-2021 16:23:38.627 INFO [http-nio-8080-exec-7] org.apache.catalina.startup.HostConfig.deployWAR Deploying web application archive [/home/renatodias/Desktop/IES/IES_98380/lab2/lab2_1/apache-tomcat-9.0.54/webapps/webapp-javaee7-1.0-SNAPSHOT.war]
28-Oct-2021 16:23:38.653 INFO [http-nio-8080-exec-7] org.apache.catalina.startup.HostConfig.deployWAR Deployment of web application archive [/home/renatodias/Desktop/IES/IES_98380/lab2/lab2_1/apache-tomcat-9.0.54/webapps/webapp-javaee7-1.0-SNAPSHOT.war] has finished in [26] ms
