26-Oct-2021 14:38:53.377 INFO [main] org.apache.catalina.core.ApplicationContext.log ContextListener: contextInitialized()
26-Oct-2021 14:38:53.377 INFO [main] org.apache.catalina.core.ApplicationContext.log SessionListener: contextInitialized()
26-Oct-2021 14:38:53.380 INFO [main] org.apache.catalina.core.ApplicationContext.log ContextListener: attributeAdded('StockTicker', 'async.Stockticker@6f0ca692')
26-Oct-2021 14:44:23.448 INFO [main] org.apache.catalina.core.ApplicationContext.log ContextListener: contextInitialized()
26-Oct-2021 14:44:23.449 INFO [main] org.apache.catalina.core.ApplicationContext.log SessionListener: contextInitialized()
26-Oct-2021 14:44:23.452 INFO [main] org.apache.catalina.core.ApplicationContext.log ContextListener: attributeAdded('StockTicker', 'async.Stockticker@3f446bef')
26-Oct-2021 14:44:23.596 INFO [main] org.apache.catalina.core.ApplicationContext.log SessionListener: contextDestroyed()
26-Oct-2021 14:44:23.596 INFO [main] org.apache.catalina.core.ApplicationContext.log ContextListener: contextDestroyed()
26-Oct-2021 14:51:46.585 INFO [main] org.apache.catalina.core.ApplicationContext.log ContextListener: contextInitialized()
26-Oct-2021 14:51:46.585 INFO [main] org.apache.catalina.core.ApplicationContext.log SessionListener: contextInitialized()
26-Oct-2021 14:51:46.589 INFO [main] org.apache.catalina.core.ApplicationContext.log ContextListener: attributeAdded('StockTicker', 'async.Stockticker@293d0107')
26-Oct-2021 14:51:46.735 INFO [main] org.apache.catalina.core.ApplicationContext.log SessionListener: contextDestroyed()
26-Oct-2021 14:51:46.735 INFO [main] org.apache.catalina.core.ApplicationContext.log ContextListener: contextDestroyed()
26-Oct-2021 14:53:09.892 INFO [main] org.apache.catalina.core.ApplicationContext.log ContextListener: contextInitialized()
26-Oct-2021 14:53:09.893 INFO [main] org.apache.catalina.core.ApplicationContext.log SessionListener: contextInitialized()
26-Oct-2021 14:53:09.897 INFO [main] org.apache.catalina.core.ApplicationContext.log ContextListener: attributeAdded('StockTicker', 'async.Stockticker@56f6d40b')
26-Oct-2021 14:53:10.074 INFO [main] org.apache.catalina.core.ApplicationContext.log SessionListener: contextDestroyed()
26-Oct-2021 14:53:10.074 INFO [main] org.apache.catalina.core.ApplicationContext.log ContextListener: contextDestroyed()
26-Oct-2021 14:54:07.977 INFO [main] org.apache.catalina.core.ApplicationContext.log ContextListener: contextInitialized()
26-Oct-2021 14:54:07.977 INFO [main] org.apache.catalina.core.ApplicationContext.log SessionListener: contextInitialized()
26-Oct-2021 14:54:07.979 INFO [main] org.apache.catalina.core.ApplicationContext.log ContextListener: attributeAdded('StockTicker', 'async.Stockticker@36676c1a')
26-Oct-2021 14:54:08.075 INFO [main] org.apache.catalina.core.ApplicationContext.log SessionListener: contextDestroyed()
26-Oct-2021 14:54:08.075 INFO [main] org.apache.catalina.core.ApplicationContext.log ContextListener: contextDestroyed()
26-Oct-2021 14:54:58.166 INFO [main] org.apache.catalina.core.ApplicationContext.log SessionListener: contextDestroyed()
26-Oct-2021 14:54:58.166 INFO [main] org.apache.catalina.core.ApplicationContext.log ContextListener: contextDestroyed()
26-Oct-2021 14:55:03.047 INFO [main] org.apache.catalina.core.ApplicationContext.log ContextListener: contextInitialized()
26-Oct-2021 14:55:03.048 INFO [main] org.apache.catalina.core.ApplicationContext.log SessionListener: contextInitialized()
26-Oct-2021 14:55:03.051 INFO [main] org.apache.catalina.core.ApplicationContext.log ContextListener: attributeAdded('StockTicker', 'async.Stockticker@3e8f7922')
